0 info it worked if it ends with ok
1 verbose cli [ 'C:\\Program Files\\nodejs\\node.exe',
1 verbose cli   'C:\\Program Files\\nodejs\\node_modules\\npm\\bin\\npm-cli.js',
1 verbose cli   'install',
1 verbose cli   '-g',
1 verbose cli   'webpack' ]
2 info using npm@3.6.0
3 info using node@v5.6.0
4 silly loadCurrentTree Starting
5 silly install loadCurrentTree
6 silly install readGlobalPackageData
7 silly fetchPackageMetaData webpack
8 silly fetchNamedPackageData webpack
9 silly mapToRegistry name webpack
10 silly mapToRegistry using default registry
11 silly mapToRegistry registry https://registry.npmjs.org/
12 silly mapToRegistry uri https://registry.npmjs.org/webpack
13 verbose request uri https://registry.npmjs.org/webpack
14 verbose request no auth needed
15 info attempt registry request try #1 at 9:18:51 PM
16 verbose request id a874c077bd9dc88c
17 http request GET https://registry.npmjs.org/webpack
18 info retry will retry, error on last attempt: Error: getaddrinfo ENOENT registry.npmjs.org:443
19 info attempt registry request try #2 at 9:19:01 PM
20 http request GET https://registry.npmjs.org/webpack
21 info retry will retry, error on last attempt: Error: getaddrinfo ENOENT registry.npmjs.org:443
22 info attempt registry request try #3 at 9:20:01 PM
23 http request GET https://registry.npmjs.org/webpack
24 silly fetchPackageMetaData Error: getaddrinfo ENOENT registry.npmjs.org:443
24 silly fetchPackageMetaData     at Object.exports._errnoException (util.js:856:11)
24 silly fetchPackageMetaData     at errnoException (dns.js:31:15)
24 silly fetchPackageMetaData     at GetAddrInfoReqWrap.onlookup [as oncomplete] (dns.js:77:26)
24 silly fetchPackageMetaData  error for webpack { [Error: getaddrinfo ENOENT registry.npmjs.org:443]
24 silly fetchPackageMetaData   code: 'ENOENT',
24 silly fetchPackageMetaData   errno: 'ENOENT',
24 silly fetchPackageMetaData   syscall: 'getaddrinfo',
24 silly fetchPackageMetaData   hostname: 'registry.npmjs.org',
24 silly fetchPackageMetaData   host: 'registry.npmjs.org',
24 silly fetchPackageMetaData   port: 443 }
25 silly rollbackFailedOptional Starting
26 silly rollbackFailedOptional Finishing
27 silly runTopLevelLifecycles Starting
28 silly runTopLevelLifecycles Finishing
29 silly install printInstalled
30 verbose stack Error: getaddrinfo ENOENT registry.npmjs.org:443
30 verbose stack     at Object.exports._errnoException (util.js:856:11)
30 verbose stack     at errnoException (dns.js:31:15)
30 verbose stack     at GetAddrInfoReqWrap.onlookup [as oncomplete] (dns.js:77:26)
31 verbose cwd C:\Users\nizzy\project\havenofhope
32 error Windows_NT 6.1.7600
33 error argv "C:\\Program Files\\nodejs\\node.exe" "C:\\Program Files\\nodejs\\node_modules\\npm\\bin\\npm-cli.js" "install" "-g" "webpack"
34 error node v5.6.0
35 error npm  v3.6.0
36 error code ENOENT
37 error errno ENOENT
38 error syscall getaddrinfo
39 error enoent getaddrinfo ENOENT registry.npmjs.org:443
40 error enoent getaddrinfo ENOENT registry.npmjs.org:443
40 error enoent This is most likely not a problem with npm itself
40 error enoent and is related to npm not being able to find a file.
41 verbose exit [ 1, true ]
